<?xml version="1.0" encoding="UTF-8"?>
<!-- Generated by org.testng.reporters.JUnitXMLReporter -->
<testsuite ignored="2" hostname="PriyangaPragasam" failures="2" tests="3" name="orangeHRMTest" time="73.102" errors="0" timestamp="2026-02-04T18:59:10 IST">
  <testcase classname="orangeHRM.dummyClass" name="dummy" time="0.023">
    <failure type="java.lang.AssertionError" message="Test Failed - Title is not matching">
      <![CDATA[java.lang.AssertionError: Test Failed - Title is not matching
at orangeHRM.dummyClass.dummy(dummyClass.java:22)
at java.base/java.util.ArrayList.forEach(ArrayList.java:1511)
... Removed 27 stack frames]]>
    </failure>
  </testcase> <!-- dummy -->
  <testcase classname="orangeHRM.dummyClass2" name="dummy" time="0.013">
    <failure type="java.lang.AssertionError" message="Test Failed - Title is not matching">
      <![CDATA[java.lang.AssertionError: Test Failed - Title is not matching
at orangeHRM.dummyClass2.dummy(dummyClass2.java:22)
at java.base/java.util.ArrayList.forEach(ArrayList.java:1511)
... Removed 27 stack frames]]>
    </failure>
  </testcase> <!-- dummy -->
  <testcase classname="orangeHRM.LoginPageTest" name="verifyValidLoginTest" time="14.986"/>
  <testcase classname="com.orangeHRM.base.BaseClass" name="@BeforeSuite loadConfig" time="0.0">
    <ignored/>
  </testcase> <!-- @BeforeSuite loadConfig -->
  <testcase classname="com.orangeHRM.base.BaseClass" name="@BeforeSuite loadConfig" time="0.0">
    <ignored/>
  </testcase> <!-- @BeforeSuite loadConfig -->
</testsuite> <!-- orangeHRMTest -->
