<?xml version="1.0" encoding="UTF-8"?>
<!-- Generated by org.testng.reporters.JUnitXMLReporter -->
<testsuite ignored="0" hostname="PriyangaPragasam" failures="1" tests="5" name="orangeHRMTest" time="70.17" errors="0" timestamp="2026-05-26T08:22:23 IST">
  <testcase classname="orangeHRM.LoginPageTest" name="emptyPassword" time="1.385"/>
  <testcase classname="orangeHRM.LoginPageTest" name="emptyUserName" time="1.206"/>
  <testcase classname="orangeHRM.LoginPageTest" name="invalidPassword" time="5.178"/>
  <testcase classname="orangeHRM.LoginPageTest" name="reserPassword" time="2.897">
    <failure type="java.lang.NullPointerException" message="Cannot invoke &amp;quot;com.orangeHRM.pages.resetPasswordPage.getTitle()&amp;quot; because &amp;quot;this.resetPassword&amp;quot; is null">
      <![CDATA[java.lang.NullPointerException: Cannot invoke "com.orangeHRM.pages.resetPasswordPage.getTitle()" because "this.resetPassword" is null
at orangeHRM.LoginPageTest.reserPassword(LoginPageTest.java:63)
at java.base/java.util.ArrayList.forEach(ArrayList.java:1511)
... Removed 27 stack frames]]>
    </failure>
  </testcase> <!-- reserPassword -->
  <testcase classname="orangeHRM.LoginPageTest" name="verifyValidLoginTest" time="9.368"/>
</testsuite> <!-- orangeHRMTest -->
