<?xml version="1.0" encoding="UTF-8"?>
<!-- Generated by org.testng.reporters.JUnitXMLReporter -->
<testsuite ignored="1" hostname="PriyangaPragasam" failures="0" tests="2" name="orangeHRMTest1" time="13.146" errors="0" timestamp="2026-01-27T20:41:30 IST">
  <testcase classname="orangeHRM.dummyClass" name="dummy" time="2.066"/>
  <testcase classname="orangeHRM.dummyClass2" name="dummy" time="2.868"/>
  <testcase classname="com.orangeHRM.base.BaseClass" name="@BeforeSuite loadConfig" time="0.0">
    <ignored/>
  </testcase> <!-- @BeforeSuite loadConfig -->
</testsuite> <!-- orangeHRMTest1 -->
