<?xml version="1.0" encoding="UTF-8"?>
<!-- Generated by org.testng.reporters.JUnitXMLReporter -->
<testsuite ignored="1" hostname="PriyangaPragasam" failures="0" tests="7" name="Smoke" time="114.39" errors="0" timestamp="2026-05-28T19:47:30 IST">
  <testcase classname="orangeHRM.LoginPageTest" name="browserBackAfterLogout" time="5.536"/>
  <testcase classname="orangeHRM.LoginPageTest" name="emptyPassword" time="0.361"/>
  <testcase classname="orangeHRM.LoginPageTest" name="emptyUserName" time="0.362"/>
  <testcase classname="orangeHRM.LoginPageTest" name="invalidPassword" time="3.719"/>
  <testcase classname="orangeHRM.LoginPageTest" name="resetPassword" time="5.406"/>
  <testcase classname="orangeHRM.LoginPageTest" name="verifyValidLoginTest" time="5.186"/>
  <testcase classname="orangeHRM.employeeManagement" name="addNewEmployee" time="53.819"/>
  <testcase classname="com.orangeHRM.base.BaseClass" name="@BeforeSuite loadConfig" time="0.0">
    <ignored/>
  </testcase> <!-- @BeforeSuite loadConfig -->
</testsuite> <!-- Smoke -->
