<?xml version="1.0" encoding="UTF-8"?>
<testng-results ignored="0" total="3" passed="1" failed="2" skipped="0">
  <reporter-output>
  </reporter-output>
  <suite started-at="2026-02-04T18:57:57 IST" name="orangeHRMSuite" finished-at="2026-02-04T18:59:10 IST" duration-ms="73102">
    <groups>
    </groups>
    <test started-at="2026-02-04T18:57:57 IST" name="orangeHRMTest" finished-at="2026-02-04T18:59:10 IST" duration-ms="73102">
      <class name="orangeHRM.dummyClass">
        <test-method is-config="true" signature="loadConfig()[pri:0, instance:orangeHRM.dummyClass@543295b0]" started-at="2026-02-04T18:57:57 IST" name="loadConfig" finished-at="2026-02-04T18:57:57 IST" duration-ms="22" status="PASS">
          <reporter-output>
          </reporter-output>
        </test-method> <!-- loadConfig -->
        <test-method is-config="true" signature="setUp()[pri:0, instance:orangeHRM.dummyClass@543295b0]" started-at="2026-02-04T18:57:57 IST" name="setUp" finished-at="2026-02-04T18:58:20 IST" duration-ms="23209" status="PASS">
          <reporter-output>
          </reporter-output>
        </test-method> <!-- setUp -->
        <test-method signature="dummy()[pri:0, instance:orangeHRM.dummyClass@543295b0]" started-at="2026-02-04T18:58:20 IST" name="dummy" finished-at="2026-02-04T18:58:20 IST" duration-ms="23" status="FAIL">
          <exception class="java.lang.AssertionError">
            <message>
              <![CDATA[Test Failed - Title is not matching]]>
            </message>
            <full-stacktrace>
              <![CDATA[java.lang.AssertionError: Test Failed - Title is not matching
at orangeHRM.dummyClass.dummy(dummyClass.java:22)
at java.base/jdk.internal.reflect.NativeMethodAccessorImpl.invoke0(Native Method)
at java.base/jdk.internal.reflect.NativeMethodAccessorImpl.invoke(NativeMethodAccessorImpl.java:77)
at java.base/jdk.internal.reflect.DelegatingMethodAccessorImpl.invoke(DelegatingMethodAccessorImpl.java:43)
at java.base/java.lang.reflect.Method.invoke(Method.java:568)
at org.testng.internal.invokers.MethodInvocationHelper.invokeMethod(MethodInvocationHelper.java:141)
at org.testng.internal.invokers.TestInvoker.invokeMethod(TestInvoker.java:686)
at org.testng.internal.invokers.TestInvoker.invokeTestMethod(TestInvoker.java:230)
at org.testng.internal.invokers.MethodRunner.runInSequence(MethodRunner.java:63)
at org.testng.internal.invokers.TestInvoker$MethodInvocationAgent.invoke(TestInvoker.java:992)
at org.testng.internal.invokers.TestInvoker.invokeTestMethods(TestInvoker.java:203)
at org.testng.internal.invokers.TestMethodWorker.invokeTestMethods(TestMethodWorker.java:154)
at org.testng.internal.invokers.TestMethodWorker.run(TestMethodWorker.java:134)
at java.base/java.util.ArrayList.forEach(ArrayList.java:1511)
at org.testng.TestRunner.privateRun(TestRunner.java:739)
at org.testng.TestRunner.run(TestRunner.java:614)
at org.testng.SuiteRunner.runTest(SuiteRunner.java:421)
at org.testng.SuiteRunner.runSequentially(SuiteRunner.java:413)
at org.testng.SuiteRunner.privateRun(SuiteRunner.java:373)
at org.testng.SuiteRunner.run(SuiteRunner.java:312)
at org.testng.SuiteRunnerWorker.runSuite(SuiteRunnerWorker.java:52)
at org.testng.SuiteRunnerWorker.run(SuiteRunnerWorker.java:95)
at org.testng.TestNG.runSuitesSequentially(TestNG.java:1274)
at org.testng.TestNG.runSuitesLocally(TestNG.java:1208)
at org.testng.TestNG.runSuites(TestNG.java:1112)
at org.testng.TestNG.run(TestNG.java:1079)
at org.testng.remote.AbstractRemoteTestNG.run(AbstractRemoteTestNG.java:115)
at org.testng.remote.RemoteTestNG.initAndRun(RemoteTestNG.java:293)
at org.testng.remote.RemoteTestNG.main(RemoteTestNG.java:91)
]]>
            </full-stacktrace>
          </exception> <!-- java.lang.AssertionError -->
          <reporter-output>
          </reporter-output>
        </test-method> <!-- dummy -->
        <test-method is-config="true" signature="tearDown()[pri:0, instance:orangeHRM.dummyClass@543295b0]" started-at="2026-02-04T18:58:20 IST" name="tearDown" finished-at="2026-02-04T18:58:21 IST" duration-ms="322" status="PASS">
          <reporter-output>
          </reporter-output>
        </test-method> <!-- tearDown -->
      </class> <!-- orangeHRM.dummyClass -->
      <class name="orangeHRM.dummyClass2">
        <test-method is-config="true" signature="setUp()[pri:0, instance:orangeHRM.dummyClass2@202b0582]" started-at="2026-02-04T18:58:21 IST" name="setUp" finished-at="2026-02-04T18:58:34 IST" duration-ms="13307" status="PASS">
          <reporter-output>
          </reporter-output>
        </test-method> <!-- setUp -->
        <test-method signature="dummy()[pri:0, instance:orangeHRM.dummyClass2@202b0582]" started-at="2026-02-04T18:58:34 IST" name="dummy" finished-at="2026-02-04T18:58:34 IST" duration-ms="13" status="FAIL">
          <exception class="java.lang.AssertionError">
            <message>
              <![CDATA[Test Failed - Title is not matching]]>
            </message>
            <full-stacktrace>
              <![CDATA[java.lang.AssertionError: Test Failed - Title is not matching
at orangeHRM.dummyClass2.dummy(dummyClass2.java:22)
at java.base/jdk.internal.reflect.NativeMethodAccessorImpl.invoke0(Native Method)
at java.base/jdk.internal.reflect.NativeMethodAccessorImpl.invoke(NativeMethodAccessorImpl.java:77)
at java.base/jdk.internal.reflect.DelegatingMethodAccessorImpl.invoke(DelegatingMethodAccessorImpl.java:43)
at java.base/java.lang.reflect.Method.invoke(Method.java:568)
at org.testng.internal.invokers.MethodInvocationHelper.invokeMethod(MethodInvocationHelper.java:141)
at org.testng.internal.invokers.TestInvoker.invokeMethod(TestInvoker.java:686)
at org.testng.internal.invokers.TestInvoker.invokeTestMethod(TestInvoker.java:230)
at org.testng.internal.invokers.MethodRunner.runInSequence(MethodRunner.java:63)
at org.testng.internal.invokers.TestInvoker$MethodInvocationAgent.invoke(TestInvoker.java:992)
at org.testng.internal.invokers.TestInvoker.invokeTestMethods(TestInvoker.java:203)
at org.testng.internal.invokers.TestMethodWorker.invokeTestMethods(TestMethodWorker.java:154)
at org.testng.internal.invokers.TestMethodWorker.run(TestMethodWorker.java:134)
at java.base/java.util.ArrayList.forEach(ArrayList.java:1511)
at org.testng.TestRunner.privateRun(TestRunner.java:739)
at org.testng.TestRunner.run(TestRunner.java:614)
at org.testng.SuiteRunner.runTest(SuiteRunner.java:421)
at org.testng.SuiteRunner.runSequentially(SuiteRunner.java:413)
at org.testng.SuiteRunner.privateRun(SuiteRunner.java:373)
at org.testng.SuiteRunner.run(SuiteRunner.java:312)
at org.testng.SuiteRunnerWorker.runSuite(SuiteRunnerWorker.java:52)
at org.testng.SuiteRunnerWorker.run(SuiteRunnerWorker.java:95)
at org.testng.TestNG.runSuitesSequentially(TestNG.java:1274)
at org.testng.TestNG.runSuitesLocally(TestNG.java:1208)
at org.testng.TestNG.runSuites(TestNG.java:1112)
at org.testng.TestNG.run(TestNG.java:1079)
at org.testng.remote.AbstractRemoteTestNG.run(AbstractRemoteTestNG.java:115)
at org.testng.remote.RemoteTestNG.initAndRun(RemoteTestNG.java:293)
at org.testng.remote.RemoteTestNG.main(RemoteTestNG.java:91)
]]>
            </full-stacktrace>
          </exception> <!-- java.lang.AssertionError -->
          <reporter-output>
          </reporter-output>
        </test-method> <!-- dummy -->
        <test-method is-config="true" signature="tearDown()[pri:0, instance:orangeHRM.dummyClass2@202b0582]" started-at="2026-02-04T18:58:34 IST" name="tearDown" finished-at="2026-02-04T18:58:34 IST" duration-ms="278" status="PASS">
          <reporter-output>
          </reporter-output>
        </test-method> <!-- tearDown -->
      </class> <!-- orangeHRM.dummyClass2 -->
      <class name="orangeHRM.LoginPageTest">
        <test-method is-config="true" signature="setUp()[pri:0, instance:orangeHRM.LoginPageTest@235ecd9f]" started-at="2026-02-04T18:58:34 IST" name="setUp" finished-at="2026-02-04T18:58:55 IST" duration-ms="20454" status="PASS">
          <reporter-output>
          </reporter-output>
        </test-method> <!-- setUp -->
        <test-method is-config="true" signature="setupPages()[pri:0, instance:orangeHRM.LoginPageTest@235ecd9f]" started-at="2026-02-04T18:58:55 IST" name="setupPages" finished-at="2026-02-04T18:58:55 IST" duration-ms="40" status="PASS">
          <reporter-output>
          </reporter-output>
        </test-method> <!-- setupPages -->
        <test-method signature="verifyValidLoginTest()[pri:0, instance:orangeHRM.LoginPageTest@235ecd9f]" started-at="2026-02-04T18:58:55 IST" name="verifyValidLoginTest" finished-at="2026-02-04T18:59:10 IST" duration-ms="14986" status="PASS">
          <reporter-output>
          </reporter-output>
        </test-method> <!-- verifyValidLoginTest -->
        <test-method is-config="true" signature="tearDown()[pri:0, instance:orangeHRM.LoginPageTest@235ecd9f]" started-at="2026-02-04T18:59:10 IST" name="tearDown" finished-at="2026-02-04T18:59:10 IST" duration-ms="387" status="PASS">
          <reporter-output>
          </reporter-output>
        </test-method> <!-- tearDown -->
      </class> <!-- orangeHRM.LoginPageTest -->
    </test> <!-- orangeHRMTest -->
  </suite> <!-- orangeHRMSuite -->
</testng-results>
