<?xml version="1.0" encoding="UTF-8"?>
<testng-results ignored="0" total="7" passed="7" failed="0" skipped="0">
  <reporter-output>
  </reporter-output>
  <suite started-at="2026-05-28T19:45:36 IST" name="orangeHRMSuite" finished-at="2026-05-28T19:47:30 IST" duration-ms="114390">
    <groups>
      <group name="Regression">
        <method signature="LoginPageTest.verifyValidLoginTest()[pri:0, instance:orangeHRM.LoginPageTest@7ef82753]" name="verifyValidLoginTest" class="orangeHRM.LoginPageTest"/>
        <method signature="employeeManagement.addNewEmployee()[pri:0, instance:orangeHRM.employeeManagement@2cb4893b]" name="addNewEmployee" class="orangeHRM.employeeManagement"/>
      </group> <!-- Regression -->
      <group name="Smoke">
        <method signature="LoginPageTest.browserBackAfterLogout()[pri:0, instance:orangeHRM.LoginPageTest@7ef82753]" name="browserBackAfterLogout" class="orangeHRM.LoginPageTest"/>
        <method signature="LoginPageTest.emptyPassword()[pri:0, instance:orangeHRM.LoginPageTest@7ef82753]" name="emptyPassword" class="orangeHRM.LoginPageTest"/>
        <method signature="LoginPageTest.emptyUserName()[pri:0, instance:orangeHRM.LoginPageTest@7ef82753]" name="emptyUserName" class="orangeHRM.LoginPageTest"/>
        <method signature="LoginPageTest.invalidPassword()[pri:0, instance:orangeHRM.LoginPageTest@7ef82753]" name="invalidPassword" class="orangeHRM.LoginPageTest"/>
        <method signature="LoginPageTest.resetPassword()[pri:0, instance:orangeHRM.LoginPageTest@7ef82753]" name="resetPassword" class="orangeHRM.LoginPageTest"/>
        <method signature="LoginPageTest.verifyValidLoginTest()[pri:0, instance:orangeHRM.LoginPageTest@7ef82753]" name="verifyValidLoginTest" class="orangeHRM.LoginPageTest"/>
        <method signature="employeeManagement.addNewEmployee()[pri:0, instance:orangeHRM.employeeManagement@2cb4893b]" name="addNewEmployee" class="orangeHRM.employeeManagement"/>
      </group> <!-- Smoke -->
    </groups>
    <test started-at="2026-05-28T19:45:36 IST" name="Smoke" finished-at="2026-05-28T19:47:30 IST" duration-ms="114390">
      <class name="orangeHRM.employeeManagement">
        <test-method is-config="true" signature="setUp()[pri:0, instance:orangeHRM.employeeManagement@2cb4893b]" started-at="2026-05-28T19:46:31 IST" name="setUp" finished-at="2026-05-28T19:46:37 IST" duration-ms="5605" status="PASS">
          <reporter-output>
          </reporter-output>
        </test-method> <!-- setUp -->
        <test-method is-config="true" signature="setupPages()[pri:0, instance:orangeHRM.employeeManagement@2cb4893b]" started-at="2026-05-28T19:46:37 IST" name="setupPages" finished-at="2026-05-28T19:46:37 IST" duration-ms="2" status="PASS">
          <reporter-output>
          </reporter-output>
        </test-method> <!-- setupPages -->
        <test-method signature="addNewEmployee()[pri:0, instance:orangeHRM.employeeManagement@2cb4893b]" started-at="2026-05-28T19:46:37 IST" name="addNewEmployee" finished-at="2026-05-28T19:47:30 IST" duration-ms="53819" status="PASS">
          <reporter-output>
          </reporter-output>
        </test-method> <!-- addNewEmployee -->
      </class> <!-- orangeHRM.employeeManagement -->
      <class name="orangeHRM.LoginPageTest">
        <test-method is-config="true" signature="loadConfig()[pri:0, instance:orangeHRM.LoginPageTest@7ef82753]" started-at="2026-05-28T19:45:36 IST" name="loadConfig" finished-at="2026-05-28T19:45:36 IST" duration-ms="9" status="PASS">
          <reporter-output>
          </reporter-output>
        </test-method> <!-- loadConfig -->
        <test-method is-config="true" signature="setUp()[pri:0, instance:orangeHRM.LoginPageTest@7ef82753]" started-at="2026-05-28T19:45:36 IST" name="setUp" finished-at="2026-05-28T19:45:42 IST" duration-ms="5721" status="PASS">
          <reporter-output>
          </reporter-output>
        </test-method> <!-- setUp -->
        <test-method is-config="true" signature="setupPages()[pri:0, instance:orangeHRM.LoginPageTest@7ef82753]" started-at="2026-05-28T19:45:42 IST" name="setupPages" finished-at="2026-05-28T19:45:42 IST" duration-ms="19" status="PASS">
          <reporter-output>
          </reporter-output>
        </test-method> <!-- setupPages -->
        <test-method signature="browserBackAfterLogout()[pri:0, instance:orangeHRM.LoginPageTest@7ef82753]" started-at="2026-05-28T19:45:42 IST" name="browserBackAfterLogout" finished-at="2026-05-28T19:45:47 IST" duration-ms="5536" status="PASS">
          <reporter-output>
          </reporter-output>
        </test-method> <!-- browserBackAfterLogout -->
        <test-method is-config="true" signature="setUp()[pri:0, instance:orangeHRM.LoginPageTest@7ef82753]" started-at="2026-05-28T19:45:47 IST" name="setUp" finished-at="2026-05-28T19:45:53 IST" duration-ms="5974" status="PASS">
          <reporter-output>
          </reporter-output>
        </test-method> <!-- setUp -->
        <test-method signature="emptyPassword()[pri:0, instance:orangeHRM.LoginPageTest@7ef82753]" started-at="2026-05-28T19:45:53 IST" name="emptyPassword" finished-at="2026-05-28T19:45:54 IST" duration-ms="361" status="PASS">
          <reporter-output>
          </reporter-output>
        </test-method> <!-- emptyPassword -->
        <test-method is-config="true" signature="setupPages()[pri:0, instance:orangeHRM.LoginPageTest@7ef82753]" started-at="2026-05-28T19:45:53 IST" name="setupPages" finished-at="2026-05-28T19:45:53 IST" duration-ms="0" status="PASS">
          <reporter-output>
          </reporter-output>
        </test-method> <!-- setupPages -->
        <test-method is-config="true" signature="setUp()[pri:0, instance:orangeHRM.LoginPageTest@7ef82753]" started-at="2026-05-28T19:45:54 IST" name="setUp" finished-at="2026-05-28T19:45:59 IST" duration-ms="5203" status="PASS">
          <reporter-output>
          </reporter-output>
        </test-method> <!-- setUp -->
        <test-method is-config="true" signature="setupPages()[pri:0, instance:orangeHRM.LoginPageTest@7ef82753]" started-at="2026-05-28T19:45:59 IST" name="setupPages" finished-at="2026-05-28T19:45:59 IST" duration-ms="2" status="PASS">
          <reporter-output>
          </reporter-output>
        </test-method> <!-- setupPages -->
        <test-method signature="emptyUserName()[pri:0, instance:orangeHRM.LoginPageTest@7ef82753]" started-at="2026-05-28T19:45:59 IST" name="emptyUserName" finished-at="2026-05-28T19:45:59 IST" duration-ms="362" status="PASS">
          <reporter-output>
          </reporter-output>
        </test-method> <!-- emptyUserName -->
        <test-method is-config="true" signature="setUp()[pri:0, instance:orangeHRM.LoginPageTest@7ef82753]" started-at="2026-05-28T19:45:59 IST" name="setUp" finished-at="2026-05-28T19:46:05 IST" duration-ms="5567" status="PASS">
          <reporter-output>
          </reporter-output>
        </test-method> <!-- setUp -->
        <test-method is-config="true" signature="setupPages()[pri:0, instance:orangeHRM.LoginPageTest@7ef82753]" started-at="2026-05-28T19:46:05 IST" name="setupPages" finished-at="2026-05-28T19:46:05 IST" duration-ms="1" status="PASS">
          <reporter-output>
          </reporter-output>
        </test-method> <!-- setupPages -->
        <test-method signature="invalidPassword()[pri:0, instance:orangeHRM.LoginPageTest@7ef82753]" started-at="2026-05-28T19:46:05 IST" name="invalidPassword" finished-at="2026-05-28T19:46:08 IST" duration-ms="3719" status="PASS">
          <reporter-output>
          </reporter-output>
        </test-method> <!-- invalidPassword -->
        <test-method is-config="true" signature="setUp()[pri:0, instance:orangeHRM.LoginPageTest@7ef82753]" started-at="2026-05-28T19:46:08 IST" name="setUp" finished-at="2026-05-28T19:46:14 IST" duration-ms="5495" status="PASS">
          <reporter-output>
          </reporter-output>
        </test-method> <!-- setUp -->
        <test-method is-config="true" signature="setupPages()[pri:0, instance:orangeHRM.LoginPageTest@7ef82753]" started-at="2026-05-28T19:46:14 IST" name="setupPages" finished-at="2026-05-28T19:46:14 IST" duration-ms="1" status="PASS">
          <reporter-output>
          </reporter-output>
        </test-method> <!-- setupPages -->
        <test-method signature="resetPassword()[pri:0, instance:orangeHRM.LoginPageTest@7ef82753]" started-at="2026-05-28T19:46:14 IST" name="resetPassword" finished-at="2026-05-28T19:46:19 IST" duration-ms="5406" status="PASS">
          <reporter-output>
          </reporter-output>
        </test-method> <!-- resetPassword -->
        <test-method is-config="true" signature="setUp()[pri:0, instance:orangeHRM.LoginPageTest@7ef82753]" started-at="2026-05-28T19:46:19 IST" name="setUp" finished-at="2026-05-28T19:46:26 IST" duration-ms="6358" status="PASS">
          <reporter-output>
          </reporter-output>
        </test-method> <!-- setUp -->
        <test-method signature="verifyValidLoginTest()[pri:0, instance:orangeHRM.LoginPageTest@7ef82753]" started-at="2026-05-28T19:46:26 IST" name="verifyValidLoginTest" finished-at="2026-05-28T19:46:31 IST" duration-ms="5186" status="PASS">
          <reporter-output>
          </reporter-output>
        </test-method> <!-- verifyValidLoginTest -->
        <test-method is-config="true" signature="setupPages()[pri:0, instance:orangeHRM.LoginPageTest@7ef82753]" started-at="2026-05-28T19:46:26 IST" name="setupPages" finished-at="2026-05-28T19:46:26 IST" duration-ms="0" status="PASS">
          <reporter-output>
          </reporter-output>
        </test-method> <!-- setupPages -->
      </class> <!-- orangeHRM.LoginPageTest -->
    </test> <!-- Smoke -->
  </suite> <!-- orangeHRMSuite -->
</testng-results>
