<?xml version="1.0" encoding="UTF-8"?>
<!-- Generated by org.testng.reporters.JUnitReportReporter -->
<testsuite hostname="PriyangaPragasam" failures="0" tests="6" name="orangeHRM.LoginPageTest" time="54.911" errors="0" timestamp="2026-05-28T19:47:31 IST" skipped="0">
  <testcase classname="orangeHRM.LoginPageTest" name="verifyValidLoginTest" time="11.563"/>
  <testcase classname="orangeHRM.LoginPageTest" name="browserBackAfterLogout" time="11.033"/>
  <testcase classname="orangeHRM.LoginPageTest" name="invalidPassword" time="9.693"/>
  <testcase classname="orangeHRM.LoginPageTest" name="emptyUserName" time="6.084"/>
  <testcase classname="orangeHRM.LoginPageTest" name="resetPassword" time="10.974"/>
  <testcase classname="orangeHRM.LoginPageTest" name="emptyPassword" time="5.564"/>
</testsuite> <!-- orangeHRM.LoginPageTest -->
